[debug] [2023-08-20T08:49:35.846Z] ----------------------------------------------------------------------
[debug] [2023-08-20T08:49:35.848Z] Command:       C:\Program Files\nodejs\node.exe C:\Users\SHIVAM\AppData\Roaming\npm\node_modules\firebase-tools\lib\bin\firebase.js init
[debug] [2023-08-20T08:49:35.848Z] CLI Version:   12.4.8
[debug] [2023-08-20T08:49:35.848Z] Platform:      win32
[debug] [2023-08-20T08:49:35.849Z] Node Version:  v18.15.0
[debug] [2023-08-20T08:49:35.850Z] Time:          Sun Aug 20 2023 14:19:35 GMT+0530 (India Standard Time)
[debug] [2023-08-20T08:49:35.850Z] ----------------------------------------------------------------------
[debug] 
[debug] [2023-08-20T08:49:35.854Z] >>> [apiv2][query] GET https://firebase-public.firebaseio.com/cli.json [none]
[debug] [2023-08-20T08:49:35.983Z] > command requires scopes: ["email","openid","https://www.googleapis.com/auth/cloudplatformprojects.readonly","https://www.googleapis.com/auth/firebase","https://www.googleapis.com/auth/cloud-platform"]
[debug] [2023-08-20T08:49:35.984Z] > authorizing via signed-in user (shivammultan@gmail.com)
[info] 
     ######## #### ########  ######## ########     ###     ######  ########
     ##        ##  ##     ## ##       ##     ##  ##   ##  ##       ##
     ######    ##  ########  ######   ########  #########  ######  ######
     ##        ##  ##    ##  ##       ##     ## ##     ##       ## ##
     ##       #### ##     ## ######## ########  ##     ##  ######  ########

You're about to initialize a Firebase project in this directory:

  C:\Users\SHIVAM\filmyfriend

Before we get started, keep in mind:

  * You are initializing within an existing Firebase project directory

[debug] [2023-08-20T08:49:40.173Z] <<< [apiv2][status] GET https://firebase-public.firebaseio.com/cli.json 200
[debug] [2023-08-20T08:49:40.174Z] <<< [apiv2][body] GET https://firebase-public.firebaseio.com/cli.json {"cloudBuildErrorAfter":1594252800000,"cloudBuildWarnAfter":1590019200000,"defaultNode10After":1594252800000,"minVersion":"3.0.5","node8DeploysDisabledAfter":1613390400000,"node8RuntimeDisabledAfter":1615809600000,"node8WarnAfter":1600128000000}
[info] 
=== Project Setup
[info] 
[info] First, let's associate this project directory with a Firebase project.
[info] You can create multiple project aliases by running firebase use --add, 
[info] but for now we'll just set up a default project.
[info] 
[debug] [2023-08-20T08:50:23.490Z] Using project from CLI flag: filmyverse-2da9c
[debug] [2023-08-20T08:50:23.491Z] > refreshing access token with scopes: []
[debug] [2023-08-20T08:50:23.492Z] >>> [apiv2][query] POST https://www.googleapis.com/oauth2/v3/token [none]
[debug] [2023-08-20T08:50:23.492Z] >>> [apiv2][body] POST https://www.googleapis.com/oauth2/v3/token [omitted]
[debug] [2023-08-20T08:50:24.882Z] <<< [apiv2][status] POST https://www.googleapis.com/oauth2/v3/token 200
[debug] [2023-08-20T08:50:24.884Z] <<< [apiv2][body] POST https://www.googleapis.com/oauth2/v3/token [omitted]
[debug] [2023-08-20T08:50:24.914Z] >>> [apiv2][query] GET https://firebase.googleapis.com/v1beta1/projects/filmyverse-2da9c [none]
[debug] [2023-08-20T08:50:25.749Z] <<< [apiv2][status] GET https://firebase.googleapis.com/v1beta1/projects/filmyverse-2da9c 200
[debug] [2023-08-20T08:50:25.749Z] <<< [apiv2][body] GET https://firebase.googleapis.com/v1beta1/projects/filmyverse-2da9c {"projectId":"filmyverse-2da9c","projectNumber":"654637066188","displayName":"filmyverse","name":"projects/filmyverse-2da9c","resources":{"hostingSite":"filmyverse-2da9c","realtimeDatabaseInstance":"filmyverse-2da9c-default-rtdb"},"state":"ACTIVE","etag":"1_06203079-0907-4e22-b3f7-90dcc8151e13"}
[info] i  Using project filmyverse-2da9c (filmyverse) 
[info] 
=== Hosting Setup
[info] 
[info] Your public directory is the folder (relative to your project directory) that
[info] will contain Hosting assets to be uploaded with firebase deploy. If you
[info] have a build process for your assets, use your build's output directory.
[info] 
